<?xml version="1.0" encoding="UTF-8"?>
<!-- Generated by org.testng.reporters.JUnitReportReporter -->
<testsuite hostname="GSrilekha" failures="0" tests="1" name="TestCases.EmployeeListTest" time="12.081" errors="0" timestamp="2025-02-25T00:37:00 IST" skipped="0">
  <testcase classname="TestCases.EmployeeListTest" name="Emplist" time="12.081"/>
  <system-out/>
</testsuite> <!-- TestCases.EmployeeListTest -->
