<?xml version="1.0" encoding="UTF-8"?>
<!-- Generated by org.testng.reporters.JUnitReportReporter -->
<testsuite hostname="GSrilekha" failures="0" tests="1" name="TestCases.LoginpageTest" time="10.245" errors="0" timestamp="2025-03-04T16:31:56 IST" skipped="0">
  <testcase classname="TestCases.LoginpageTest" name="logintest" time="10.245"/>
  <system-out/>
</testsuite> <!-- TestCases.LoginpageTest -->
