<?xml version="1.0" encoding="UTF-8"?>
<!-- Generated by org.testng.reporters.JUnitReportReporter -->
<testsuite hostname="GSrilekha" failures="0" tests="1" name="TestCases.ConfigureUplodeTest" time="26.419" errors="0" timestamp="2025-02-28T17:12:19 IST" skipped="0">
  <testcase classname="TestCases.ConfigureUplodeTest" name="uplodefile" time="26.419"/>
  <system-out/>
</testsuite> <!-- TestCases.ConfigureUplodeTest -->
