<?xml version="1.0" encoding="UTF-8"?>
<!-- Generated by org.testng.reporters.JUnitReportReporter -->
<testsuite hostname="GSrilekha" failures="0" tests="1" name="TestCases.LoginpageTest" time="1.514" errors="0" timestamp="2025-02-22T23:51:13 IST" skipped="0">
  <testcase classname="TestCases.LoginpageTest" name="logintest" time="1.514"/>
  <system-out/>
</testsuite> <!-- TestCases.LoginpageTest -->
