<?xml version="1.0" encoding="UTF-8"?>
<!-- Generated by org.testng.reporters.JUnitReportReporter -->
<testsuite hostname="GSrilekha" failures="0" tests="1" name="TestCases.WebTableTest" time="41.413" errors="0" timestamp="2025-02-27T12:25:42 IST" skipped="0">
  <testcase classname="TestCases.WebTableTest" name="Webtable" time="41.413"/>
  <system-out/>
</testsuite> <!-- TestCases.WebTableTest -->
