<?xml version="1.0" encoding="UTF-8"?>
<!-- Generated by org.testng.reporters.JUnitReportReporter -->
<testsuite hostname="GSrilekha" failures="0" tests="1" name="TestCases.AddEmployeTest" time="49.360" errors="0" timestamp="2025-02-25T15:57:29 IST" skipped="0">
  <testcase classname="TestCases.AddEmployeTest" name="PimEmpV" time="49.360"/>
  <system-out/>
</testsuite> <!-- TestCases.AddEmployeTest -->
