<?xml version="1.0" encoding="UTF-8"?>
<!-- Generated by org.testng.reporters.JUnitReportReporter -->
<testsuite hostname="GSrilekha" failures="0" tests="1" name="TestCases.InvalidLoginTest" time="1.737" errors="0" timestamp="2025-02-22T19:08:37 IST" skipped="0">
  <testcase classname="TestCases.InvalidLoginTest" name="Invalidelogin" time="1.737"/>
  <system-out/>
</testsuite> <!-- TestCases.InvalidLoginTest -->
